This is pdfeTeX, Version 3.141592-1.30.6-2.2 (MiKTeX 2.5) (preloaded format=pdflatex 2006.12.25)  6 JAN 2007 18:31
entering extended mode
**D:/LiU/TNCG03*Real-Time*Rendering/lab/Shaderlabs/latex/documentation.tex
("D:\LiU\TNCG03 Real-Time Rendering\lab\Shaderlabs\latex\documentation.tex"
LaTeX2e <2005/12/01>
Babel <v3.8g> and hyphenation patterns for english, dumylang, nohyphenation, ge
rman, ngerman, french, loaded.
("C:\Program Files\MiKTeX 2.5\tex\latex\base\article.cls"
Document Class: article 2005/09/16 v1.4f Standard LaTeX document class
("C:\Program Files\MiKTeX 2.5\tex\latex\base\size12.clo"
File: size12.clo 2005/09/16 v1.4f Standard LaTeX file (size option)
)
\c@part=\count79
\c@section=\count80
\c@subsection=\count81
\c@subsubsection=\count82
\c@paragraph=\count83
\c@subparagraph=\count84
\c@figure=\count85
\c@table=\count86
\abovecaptionskip=\skip41
\belowcaptionskip=\skip42
\bibindent=\dimen102
)
("C:\Program Files\MiKTeX 2.5\tex\latex\subfigure\subfigure.sty"
Package: subfigure 2002/07/30 v2.1.4 subfigure package
\subfigtopskip=\skip43
\subfigcapskip=\skip44
\subfigcaptopadj=\dimen103
\subfigbottomskip=\skip45
\subfigcapmargin=\dimen104
\subfiglabelskip=\skip46
\c@subfigure=\count87
\c@lofdepth=\count88
\c@subtable=\count89
\c@lotdepth=\count90

****************************************
* Local config file subfigure.cfg used *
****************************************
("C:\Program Files\MiKTeX 2.5\tex\latex\subfigure\subfigure.cfg")
\subfig@top=\skip47
\subfig@bottom=\skip48
)
("C:\Program Files\MiKTeX 2.5\tex\latex\graphics\graphicx.sty"
Package: graphicx 1999/02/16 v1.0f Enhanced LaTeX Graphics (DPC,SPQR)

("C:\Program Files\MiKTeX 2.5\tex\latex\graphics\keyval.sty"
Package: keyval 1999/03/16 v1.13 key=value parser (DPC)
\KV@toks@=\toks14
)
("C:\Program Files\MiKTeX 2.5\tex\latex\graphics\graphics.sty"
Package: graphics 2006/02/20 v1.0o Standard LaTeX Graphics (DPC,SPQR)

("C:\Program Files\MiKTeX 2.5\tex\latex\graphics\trig.sty"
Package: trig 1999/03/16 v1.09 sin cos tan (DPC)
)
("C:\Program Files\MiKTeX 2.5\tex\latex\00miktex\graphics.cfg"
File: graphics.cfg 2005/12/29 v1.2 MiKTeX 'graphics' configuration
)
Package graphics Info: Driver file: pdftex.def on input line 90.

("C:\Program Files\MiKTeX 2.5\tex\latex\graphics\pdftex.def"
File: pdftex.def 2006/08/14 v0.03t Graphics/color for pdfTeX
\Gread@gobject=\count91
))
\Gin@req@height=\dimen105
\Gin@req@width=\dimen106
)
(documentation.aux)
LaTeX Font Info:    Checking defaults for OML/cmm/m/it on input line 19.
LaTeX Font Info:    ... okay on input line 19.
LaTeX Font Info:    Checking defaults for T1/cmr/m/n on input line 19.
LaTeX Font Info:    ... okay on input line 19.
LaTeX Font Info:    Checking defaults for OT1/cmr/m/n on input line 19.
LaTeX Font Info:    ... okay on input line 19.
LaTeX Font Info:    Checking defaults for OMS/cmsy/m/n on input line 19.
LaTeX Font Info:    ... okay on input line 19.
LaTeX Font Info:    Checking defaults for OMX/cmex/m/n on input line 19.
LaTeX Font Info:    ... okay on input line 19.
LaTeX Font Info:    Checking defaults for U/cmr/m/n on input line 19.
LaTeX Font Info:    ... okay on input line 19.
 ("C:\Program Files\MiKTeX 2.5\tex\context\base\supp-pdf.tex" ("C:\Program File
s\MiKTeX 2.5\tex\context\base\supp-mis.tex"
loading : Context Support Macros / Miscellaneous (2004.10.26)
\protectiondepth=\count92
\scratchcounter=\count93
\scratchtoks=\toks15
\scratchdimen=\dimen107
\scratchskip=\skip49
\scratchmuskip=\muskip10
\scratchbox=\box26
\scratchread=\read1
\scratchwrite=\write3
\zeropoint=\dimen108
\onepoint=\dimen109
\onebasepoint=\dimen110
\minusone=\count94
\thousandpoint=\dimen111
\onerealpoint=\dimen112
\emptytoks=\toks16
\nextbox=\box27
\nextdepth=\dimen113
\everyline=\toks17
\!!counta=\count95
\!!countb=\count96
\recursecounter=\count97
)
loading : Context Support Macros / PDF (2004.03.26)
\nofMPsegments=\count98
\nofMParguments=\count99
\MPscratchCnt=\count100
\MPscratchDim=\dimen114
\MPnumerator=\count101
\everyMPtoPDFconversion=\toks18
)
LaTeX Font Info:    External font `cmex10' loaded for size
(Font)              <14.4> on input line 22.
LaTeX Font Info:    External font `cmex10' loaded for size
(Font)              <7> on input line 22.
 [1

{psfonts.map}]
LaTeX Font Info:    External font `cmex10' loaded for size
(Font)              <12> on input line 43.
LaTeX Font Info:    External font `cmex10' loaded for size
(Font)              <8> on input line 43.
LaTeX Font Info:    External font `cmex10' loaded for size
(Font)              <6> on input line 43.
 <images/Gouraud.png, id=14, 513.92pt x 513.92pt>
File: images/Gouraud.png Graphic file (type png)

<use images/Gouraud.png> <images/Phong.png, id=15, 513.92pt x 513.92pt>
File: images/Phong.png Graphic file (type png)

<use images/Phong.png>
Overfull \hbox (2.0654pt too wide) in paragraph at lines 76--77
\OT1/cmr/m/n/12 Figure 1[] shows the the re-sult of the Phong shader in com-par
-i-son with Gouraud
 []

[2 <images/Gouraud.png> <images/Phong.png>]
<images/lightmap.png, id=33, 513.92pt x 16.06pt>
File: images/lightmap.png Graphic file (type png)
 <use images/lightmap.png>
<images/toon.png, id=34, 513.92pt x 513.92pt>
File: images/toon.png Graphic file (type png)
 <use images/toon.png> [3 <images/lightmap.png (PNG copy)>] [4 <images/toon.png
>] [5]
<images/Phong2.png, id=45, 513.92pt x 513.92pt>
File: images/Phong2.png Graphic file (type png)
 <use images/Phong2.png>
<images/brightpass.png, id=46, 513.92pt x 513.92pt>
File: images/brightpass.png Graphic file (type png)

<use images/brightpass.png> <images/firstblur.png, id=47, 513.92pt x 513.92pt>
File: images/firstblur.png Graphic file (type png)

<use images/firstblur.png> <images/secondblur.png, id=48, 513.92pt x 513.92pt>
File: images/secondblur.png Graphic file (type png)

<use images/secondblur.png> <images/thirdblur.png, id=49, 513.92pt x 513.92pt>
File: images/thirdblur.png Graphic file (type png)

<use images/thirdblur.png> <images/bloom.png, id=50, 513.92pt x 513.92pt>
File: images/bloom.png Graphic file (type png)

<use images/bloom.png> [6 <images/Phong2.png> <images/brightpass.png> <images/f
irstblur.png> <images/secondblur.png> <images/thirdblur.png> <images/bloom.png>
]
Underfull \hbox (badness 6268) in paragraph at lines 192--193
[]\OT1/cmr/m/n/12 H. Kalo-girou: \OT1/cmr/m/it/12 How to do good bloom for HDR 
ren-der-ing\OT1/cmr/m/n/12 ,
 []

[7]
Overfull \hbox (12.7555pt too wide) in paragraph at lines 265--265
 []  \OT1/cmtt/m/n/8 vec4 intensityAmbient  = vec4(Ka) * gl_FrontMaterial.ambie
nt  * gl_LightSource[0].ambient;[] 
 []


Overfull \hbox (55.2561pt too wide) in paragraph at lines 265--265
 []                             \OT1/cmtt/m/n/8 * clamp( dot( normalVector, gl_
LightSource[0].position.xyz ), 0.0, 1.0 );[] 
 []

[8] [9] [10] [11] (documentation.aux)

LaTeX Warning: Label(s) may have changed. Rerun to get cross-references right.

 ) 
Here is how much of TeX's memory you used:
 1238 strings out of 95419
 15280 string characters out of 1187297
 62623 words of memory out of 1062739
 4359 multiletter control sequences out of 60000
 9984 words of font info for 35 fonts, out of 1000000 for 2000
 14 hyphenation exceptions out of 8191
 25i,8n,24p,851b,368s stack positions out of 5000i,500n,10000p,200000b,32768s
PDF statistics:
 81 PDF objects out of 300000
 0 named destinations out of 300000
 51 words of extra memory for PDF output out of 10000
<C:/Program Files/MiKTeX 2.5/fonts/type1/bluesky/cm/cmtt8.pfb><C:/Program Fil
es/MiKTeX 2.5/fonts/type1/bluesky/cm/cmti12.pfb><C:/Program Files/MiKTeX 2.5/fo
nts/type1/bluesky/cm/cmr10.pfb><C:/Program Files/MiKTeX 2.5/fonts/type1/bluesky
/cm/cmsy10.pfb><C:/Program Files/MiKTeX 2.5/fonts/type1/bluesky/cm/cmmi12.pfb><
C:/Program Files/MiKTeX 2.5/fonts/type1/bluesky/cm/cmsl12.pfb><C:/Program Files
/MiKTeX 2.5/fonts/type1/bluesky/cm/cmbx12.pfb><C:/Program Files/MiKTeX 2.5/font
s/type1/bluesky/cm/cmr12.pfb><C:/Program Files/MiKTeX 2.5/fonts/type1/bluesky/c
m/cmr17.pfb>
Output written on documentation.pdf (11 pages, 682428 bytes).
